Arguments: 
  C:\Program Files\nodejs\node.exe C:\Users\aktas\AppData\Local\npm-cache\_npx\c094c3349f8dd527\node_modules\yarn\bin\yarn.js start

PATH: 
  C:\Users\aktas\AppData\Local\npm-cache\_npx\c094c3349f8dd527\node_modules\.bin;C:\Users\aktas\Desktop\Recycle-Coin-Mobil\node_modules\.bin;C:\Users\aktas\Desktop\node_modules\.bin;C:\Users\aktas\node_modules\.bin;C:\Users\node_modules\.bin;C:\node_modules\.bin;C:\Program Files\nodejs\node_modules\npm\node_modules\@npmcli\run-script\lib\node-gyp-bin;C:\Users\aktas\AppData\Local\Programs\Python\Python310\Scripts\;C:\Users\aktas\AppData\Local\Programs\Python\Python310\;C:\Program Files\Common Files\Oracle\Java\javapath;C:\Program Files\Microsoft MPI\Bin\;C:\WINDOWS\system32;C:\WINDOWS;C:\WINDOWS\System32\Wbem;C:\WINDOWS\System32\WindowsPowerShell\v1.0\;C:\WINDOWS\System32\OpenSSH\;C:\Program Files\dotnet\;C:\Program Files (x86)\NVIDIA Corporation\PhysX\Common;C:\Program Files\NVIDIA Corporation\NVIDIA NvDLISR;C:\Program Files\Microsoft SQL Server\Client SDK\ODBC\170\Tools\Binn\;C:\Program Files (x86)\Microsoft SQL Server\150\Tools\Binn\;C:\Program Files\Microsoft SQL Server\150\Tools\Binn\;C:\Program Files\Microsoft SQL Server\150\DTS\Binn\;C:\Program Files (x86)\Microsoft SQL Server\150\DTS\Binn\;C:\Program Files\Azure Data Studio\bin;D:\MinGW\bin;C:\Program Files\Git\cmd;C:\Program Files\Microsoft SQL Server\130\Tools\Binn\;C:\Program Files\nodejs\;C:\ProgramData\chocolatey\bin;C:\Program Files\nodejs;;C:\Program Files\Docker\Docker\resources\bin;C:\WINDOWS\system32;C:\WINDOWS;C:\WINDOWS\System32\Wbem;C:\WINDOWS\System32\WindowsPowerShell\v1.0\;C:\WINDOWS\System32\OpenSSH\;C:\Users\aktas\AppData\Local\Microsoft\WindowsApps;C:\Users\aktas\.dotnet\tools;C:\Users\aktas\AppData\Local\GitHubDesktop\bin;C:\Program Files\Azure Data Studio\bin;D:\src\flutter\bin;C:\Program Files\Java\jdk-18\bin;D:\vsCode\Microsoft VS Code\bin;C:\Users\aktas\AppData\Roaming\npm;C:\Program Files\nodejs;C:\Users\aktas\AppData\Local\Android\Sdk\platform-tools;

Yarn version: 
  1.22.19

Node version: 
  16.18.0

Platform: 
  win32 x64

Trace: 
  SyntaxError: C:\Users\aktas\Desktop\Recycle-Coin-Mobil\package.json: Unexpected string in JSON at position 1006
      at JSON.parse (<anonymous>)
      at C:\Users\aktas\AppData\Local\npm-cache\_npx\c094c3349f8dd527\node_modules\yarn\lib\cli.js:1629:59
      at Generator.next (<anonymous>)
      at step (C:\Users\aktas\AppData\Local\npm-cache\_npx\c094c3349f8dd527\node_modules\yarn\lib\cli.js:310:30)
      at C:\Users\aktas\AppData\Local\npm-cache\_npx\c094c3349f8dd527\node_modules\yarn\lib\cli.js:321:13

npm manifest: 
  {
    "name": "login_screen",
    "version": "1.0.0",
    "main": "node_modules/expo/AppEntry.js",
    "scripts": {
      "start": "expo start",
      "android": "expo start --android",
      "ios": "expo start --ios",
      "web": "expo start --web"
    },
    "dependencies": {
      "@react-navigation/drawer": "^6.5.6",
      "@react-navigation/native": "^6.0.13",
      "@react-navigation/native-stack": "^6.9.1",
      "axios": "^1.2.1",
      "expo": "~46.0.16",
      "expo-barcode-scanner": "~11.4.0",
      "expo-status-bar": "~1.4.0",
      "react": "18.0.0",
      "react-native": "0.69.6",
      "react-native-dropdown-picker": "^5.4.4",
      "react-native-formik": "^1.7.8",
      "react-native-gesture-handler": "~2.5.0",
      "react-native-reanimated": "~2.9.1",
      "react-native-safe-area-context": "4.3.1",
      "react-native-screens": "~3.15.0",
      "react-native-shared-element": "0.8.4",
      "react-navigation": "^4.4.4",
      "@react-native-async-storage/async-storage": "~1.17.3",
      "@react-native-picker/picker": "2.4.8"
      "
    },
    "devDependencies": {
      "@babel/core": "^7.20.5",
      "metro-react-native-babel-preset": "^0.73.6"
    },
    "private": true
  }

yarn manifest: 
  No manifest

Lockfile: 
  No lockfile
